Using pre-set license
Built from '6000.0/staging' branch; Version is '6000.0.23f1 (1c4764c07fb4) revision 1853284'; Using compiler version '193933523'; Build Type 'Release'
OS: 'Windows 11  (10.0.26100) 64bit Core' Language: 'en' Physical Memory: 31893 MB
BatchMode: 1, IsHumanControllingUs: 0, StartBugReporterOnCrash: 0, Is64bit: 1, IsPro: 1

COMMAND LINE ARGUMENTS:
C:\Program Files\Unity\Hub\Editor\6000.0.23f1\Editor\Unity.exe
-adb2
-batchMode
-noUpm
-name
AssetImportWorker0
-projectPath
C:/Users/Irina/Documents/GitHub/Projeto-Aplicado/PA_TheReturnOfTheFallen
-logFile
Logs/AssetImportWorker0.log
-srvPort
57850
-job-worker-count
5
-background-job-worker-count
8
-asset-garbage-collectors
1
Successfully changed project path to: C:/Users/Irina/Documents/GitHub/Projeto-Aplicado/PA_TheReturnOfTheFallen
C:/Users/Irina/Documents/GitHub/Projeto-Aplicado/PA_TheReturnOfTheFallen
[UnityMemory] Configuration Parameters - Can be set up in boot.config
    "memorysetup-bucket-allocator-granularity=16"
    "memorysetup-bucket-allocator-bucket-count=8"
    "memorysetup-bucket-allocator-block-size=33554432"
    "memorysetup-bucket-allocator-block-count=8"
    "memorysetup-main-allocator-block-size=16777216"
    "memorysetup-thread-allocator-block-size=16777216"
    "memorysetup-gfx-main-allocator-block-size=16777216"
    "memorysetup-gfx-thread-allocator-block-size=16777216"
    "memorysetup-cache-allocator-block-size=4194304"
    "memorysetup-typetree-allocator-block-size=2097152"
    "memorysetup-profiler-bucket-allocator-granularity=16"
    "memorysetup-profiler-bucket-allocator-bucket-count=8"
    "memorysetup-profiler-bucket-allocator-block-size=33554432"
    "memorysetup-profiler-bucket-allocator-block-count=8"
    "memorysetup-profiler-allocator-block-size=16777216"
    "memorysetup-profiler-editor-allocator-block-size=1048576"
    "memorysetup-temp-allocator-size-main=16777216"
    "memorysetup-job-temp-allocator-block-size=2097152"
    "memorysetup-job-temp-allocator-block-size-background=1048576"
    "memorysetup-job-temp-allocator-reduction-small-platforms=262144"
    "memorysetup-allocator-temp-initial-block-size-main=262144"
    "memorysetup-allocator-temp-initial-block-size-worker=262144"
    "memorysetup-temp-allocator-size-background-worker=32768"
    "memorysetup-temp-allocator-size-job-worker=262144"
    "memorysetup-temp-allocator-size-preload-manager=33554432"
    "memorysetup-temp-allocator-size-nav-mesh-worker=65536"
    "memorysetup-temp-allocator-size-audio-worker=65536"
    "memorysetup-temp-allocator-size-cloud-worker=32768"
    "memorysetup-temp-allocator-size-gi-baking-worker=262144"
    "memorysetup-temp-allocator-size-gi-baking-worker=262144"
    "memorysetup-temp-allocator-size-gi-baking-worker=262144"
    "memorysetup-temp-allocator-size-gi-baking-worker=262144"
    "memorysetup-temp-allocator-size-gi-baking-worker=262144"
    "memorysetup-temp-allocator-size-gfx=262144"
Player connection [38784]  Target information:

Player connection [38784]  * "[IP] 192.168.1.187 [Port] 0 [Flags] 2 [Guid] 2385353291 [EditorId] 2385353291 [Version] 1048832 [Id] WindowsEditor(7,SilverRGB) [Debug] 1 [PackageName] WindowsEditor [ProjectName] Editor" 

Player connection [38784] Host joined multi-casting on [225.0.0.222:54997]...
Player connection [38784] Host joined alternative multi-casting on [225.0.0.222:34997]...
JobSystem: Creating JobQueue using job-worker-count value 5
[Physics::Module] Initialized fallback backend.
[Physics::Module] Id: 0xdecafbad
Library Redirect Path: Library/
[Physics::Module] Selected backend.
[Physics::Module] Name: PhysX
[Physics::Module] Id: 0xf2b8ea05
[Physics::Module] SDK Version: 4.1.2
[Physics::Module] Integration Version: 1.0.0
[Physics::Module] Threading Mode: Multi-Threaded
Refreshing native plugins compatible for Editor in 1.92 ms, found 3 plugins.
Preloading 0 native plugins for Editor in 0.00 ms.
Initialize engine version: 6000.0.23f1 (1c4764c07fb4)
[Subsystems] Discovering subsystems at path C:/Program Files/Unity/Hub/Editor/6000.0.23f1/Editor/Data/Resources/UnitySubsystems
[Subsystems] Discovering subsystems at path C:/Users/Irina/Documents/GitHub/Projeto-Aplicado/PA_TheReturnOfTheFallen/Assets
GfxDevice: creating device client; kGfxThreadingModeNonThreaded
Direct3D:
    Version:  Direct3D 11.0 [level 11.1]
    Renderer: AMD Radeon RX 7800 XT (ID=0x747e)
    Vendor:   ATI
    VRAM:     16368 MB
    Driver:   32.0.21025.10016
Initialize mono
Mono path[0] = 'C:/Program Files/Unity/Hub/Editor/6000.0.23f1/Editor/Data/Managed'
Mono path[1] = 'C:/Program Files/Unity/Hub/Editor/6000.0.23f1/Editor/Data/MonoBleedingEdge/lib/mono/unityjit-win32'
Mono config path = 'C:/Program Files/Unity/Hub/Editor/6000.0.23f1/Editor/Data/MonoBleedingEdge/etc'
Using monoOptions --debugger-agent=transport=dt_socket,embedding=1,server=y,suspend=n,address=127.0.0.1:56732
Begin MonoManager ReloadAssembly
Registering precompiled unity dll's ...
Register platform support module: C:/Program Files/Unity/Hub/Editor/6000.0.23f1/Editor/Data/PlaybackEngines/WebGLSupport/UnityEditor.WebGL.Extensions.dll
Register platform support module: C:/Program Files/Unity/Hub/Editor/6000.0.23f1/Editor/Data/PlaybackEngines/MacStandaloneSupport/UnityEditor.OSXStandalone.Extensions.dll
Register platform support module: C:/Program Files/Unity/Hub/Editor/6000.0.23f1/Editor/Data/PlaybackEngines/WindowsStandaloneSupport/UnityEditor.WindowsStandalone.Extensions.dll
Register platform support module: C:/Program Files/Unity/Hub/Editor/6000.0.23f1/Editor/Data/PlaybackEngines/MetroSupport/UnityEditor.UWP.Extensions.dll
Register platform support module: C:/Program Files/Unity/Hub/Editor/6000.0.23f1/Editor/Data/PlaybackEngines/AndroidPlayer/UnityEditor.Android.Extensions.dll
Register platform support module: C:/Program Files/Unity/Hub/Editor/6000.0.23f1/Editor/Data/PlaybackEngines/LinuxStandaloneSupport/UnityEditor.LinuxStandalone.Extensions.dll
Registered in 0.007231 seconds.
- Loaded All Assemblies, in  0.278 seconds
Native extension for LinuxStandalone target not found
Native extension for Android target not found
Android Extension - Scanning For ADB Devices 195 ms
Native extension for UWP target not found
Native extension for WindowsStandalone target not found
Native extension for OSXStandalone target not found
Native extension for WebGL target not found
Mono: successfully reloaded assembly
- Finished resetting the current domain, in  0.492 seconds
Domain Reload Profiling: 768ms
	BeginReloadAssembly (96ms)
		ExecutionOrderSort (0ms)
		DisableScriptedObjects (0ms)
		BackupInstance (0ms)
		ReleaseScriptingObjects (0ms)
		CreateAndSetChildDomain (0ms)
	RebuildCommonClasses (23ms)
	RebuildNativeTypeToScriptingClass (8ms)
	initialDomainReloadingComplete (38ms)
	LoadAllAssembliesAndSetupDomain (111ms)
		LoadAssemblies (95ms)
		RebuildTransferFunctionScriptingTraits (0ms)
		AnalyzeDomain (108ms)
			TypeCache.Refresh (106ms)
				TypeCache.ScanAssembly (98ms)
			BuildScriptInfoCaches (0ms)
			ResolveRequiredComponents (0ms)
	FinalizeReload (492ms)
		ReleaseScriptCaches (0ms)
		RebuildScriptCaches (0ms)
		SetupLoadedEditorAssemblies (461ms)
			LogAssemblyErrors (0ms)
			InitializePlatformSupportModulesInManaged (293ms)
			SetLoadedEditorAssemblies (3ms)
			BeforeProcessingInitializeOnLoad (6ms)
			ProcessInitializeOnLoadAttributes (109ms)
			ProcessInitializeOnLoadMethodAttributes (48ms)
			AfterProcessingInitializeOnLoad (2ms)
			EditorAssembliesLoaded (0ms)
		ExecutionOrderSort2 (0ms)
		AwakeInstancesAfterBackupRestoration (0ms)
========================================================================
Worker process is ready to serve import requests
Import Worker Mode flag is 0x00
Begin MonoManager ReloadAssembly
- Loaded All Assemblies, in  0.715 seconds
Refreshing native plugins compatible for Editor in 0.84 ms, found 3 plugins.
Native extension for LinuxStandalone target not found
Native extension for Android target not found
Native extension for UWP target not found
Native extension for WindowsStandalone target not found
Native extension for OSXStandalone target not found
Native extension for WebGL target not found
Mono: successfully reloaded assembly
- Finished resetting the current domain, in  0.581 seconds
Domain Reload Profiling: 1290ms
	BeginReloadAssembly (258ms)
		ExecutionOrderSort (0ms)
		DisableScriptedObjects (4ms)
		BackupInstance (0ms)
		ReleaseScriptingObjects (0ms)
		CreateAndSetChildDomain (25ms)
	RebuildCommonClasses (24ms)
	RebuildNativeTypeToScriptingClass (8ms)
	initialDomainReloadingComplete (27ms)
	LoadAllAssembliesAndSetupDomain (391ms)
		LoadAssemblies (270ms)
		RebuildTransferFunctionScriptingTraits (0ms)
		AnalyzeDomain (190ms)
			TypeCache.Refresh (124ms)
				TypeCache.ScanAssembly (112ms)
			BuildScriptInfoCaches (56ms)
			ResolveRequiredComponents (7ms)
	FinalizeReload (581ms)
		ReleaseScriptCaches (0ms)
		RebuildScriptCaches (0ms)
		SetupLoadedEditorAssemblies (400ms)
			LogAssemblyErrors (0ms)
			InitializePlatformSupportModulesInManaged (17ms)
			SetLoadedEditorAssemblies (3ms)
			BeforeProcessingInitializeOnLoad (52ms)
			ProcessInitializeOnLoadAttributes (267ms)
			ProcessInitializeOnLoadMethodAttributes (56ms)
			AfterProcessingInitializeOnLoad (6ms)
			EditorAssembliesLoaded (0ms)
		ExecutionOrderSort2 (0ms)
		AwakeInstancesAfterBackupRestoration (4ms)
Launched and connected shader compiler UnityShaderCompiler.exe after 0.01 seconds
Refreshing native plugins compatible for Editor in 0.85 ms, found 3 plugins.
Preloading 0 native plugins for Editor in 0.00 ms.
Unloading 212 Unused Serialized files (Serialized files now loaded: 0)
Unloading 6143 unused Assets / (4.5 MB). Loaded Objects now: 6942.
Memory consumption went from 185.4 MB to 180.9 MB.
Total: 8.136100 ms (FindLiveObjects: 0.853500 ms CreateObjectMapping: 0.865100 ms MarkObjects: 4.322500 ms  DeleteObjects: 2.094000 ms)

========================================================================
Received Import Request.
  Time since last request: 185512.327347 seconds.
  path: Assets/FloorArena.png
  artifactKey: Guid(c1102f9bf4f0a2149a0ea4c3aafa8276) Importer(815301076,1909f56bfc062723c751e8b465ee728b)
Start importing Assets/FloorArena.png using Guid(c1102f9bf4f0a2149a0ea4c3aafa8276) Importer(815301076,1909f56bfc062723c751e8b465ee728b) (PreviewImporter) -> (artifact id: 'd9d443fa5e233999c2354c62d5f90336') in 0.0606424 seconds
Number of updated asset objects reloaded before import = 0Number of asset objects unloaded after import = 3

========================================================================
Received Import Request.
  Time since last request: 0.000012 seconds.
  path: Assets/typing-sound-01-229863.mp3
  artifactKey: Guid(f845329b555ab4349b4d4ac3fa49672b) Importer(815301076,1909f56bfc062723c751e8b465ee728b)
Start importing Assets/typing-sound-01-229863.mp3 using Guid(f845329b555ab4349b4d4ac3fa49672b) Importer(815301076,1909f56bfc062723c751e8b465ee728b) (PreviewImporter) -> (artifact id: '4ea920530b093479e581e317a98e8473') in 0.0444291 seconds
Number of updated asset objects reloaded before import = 0Number of asset objects unloaded after import = 2

========================================================================
Received Import Request.
  Time since last request: 0.000015 seconds.
  path: Assets/HealthDrop.png
  artifactKey: Guid(47c10e14a21fdc74bbd78803c31be7db) Importer(815301076,1909f56bfc062723c751e8b465ee728b)
Start importing Assets/HealthDrop.png using Guid(47c10e14a21fdc74bbd78803c31be7db) Importer(815301076,1909f56bfc062723c751e8b465ee728b) (PreviewImporter) -> (artifact id: '51b2eea465cdce4551e180056d5e3cdc') in 0.012959 seconds
Number of updated asset objects reloaded before import = 0Number of asset objects unloaded after import = 3

========================================================================
Received Import Request.
  Time since last request: 0.000011 seconds.
  path: Assets/Log2.png
  artifactKey: Guid(cb653eb077743b94085e29ec8a6462c3) Importer(815301076,1909f56bfc062723c751e8b465ee728b)
Start importing Assets/Log2.png using Guid(cb653eb077743b94085e29ec8a6462c3) Importer(815301076,1909f56bfc062723c751e8b465ee728b) (PreviewImporter) -> (artifact id: '9ffb762578149d7c489569f610f1e63f') in 0.0123299 seconds
Number of updated asset objects reloaded before import = 0Number of asset objects unloaded after import = 3

========================================================================
Received Import Request.
  Time since last request: 0.000013 seconds.
  path: Assets/DemonLord.png
  artifactKey: Guid(d28e744036781ca4e92785c7b55e74b4) Importer(815301076,1909f56bfc062723c751e8b465ee728b)
Start importing Assets/DemonLord.png using Guid(d28e744036781ca4e92785c7b55e74b4) Importer(815301076,1909f56bfc062723c751e8b465ee728b) (PreviewImporter) -> (artifact id: '44bbfa0255b8831896e9787b0154c68a') in 0.0132494 seconds
Number of updated asset objects reloaded before import = 0Number of asset objects unloaded after import = 3

========================================================================
Received Import Request.
  Time since last request: 0.000018 seconds.
  path: Assets/BG_Material.mat
  artifactKey: Guid(558f3dc5f7ef76d469b47ed29fa3167f) Importer(815301076,1909f56bfc062723c751e8b465ee728b)
Start importing Assets/BG_Material.mat using Guid(558f3dc5f7ef76d469b47ed29fa3167f) Importer(815301076,1909f56bfc062723c751e8b465ee728b) (PreviewImporter) -> (artifact id: '33108609ed8c2e7bf1392c56b054b6a3') in 0.2925644 seconds
Number of updated asset objects reloaded before import = 0Number of asset objects unloaded after import = 2

========================================================================
Received Import Request.
  Time since last request: 0.000022 seconds.
  path: Assets/496089.jpg
  artifactKey: Guid(e7270a5ad018f5548b5653e549ce3c17) Importer(815301076,1909f56bfc062723c751e8b465ee728b)
Start importing Assets/496089.jpg using Guid(e7270a5ad018f5548b5653e549ce3c17) Importer(815301076,1909f56bfc062723c751e8b465ee728b) (PreviewImporter) -> (artifact id: 'da3de2a8e5d9735824e9fe7968f385c1') in 0.0144146 seconds
Number of updated asset objects reloaded before import = 0Number of asset objects unloaded after import = 3

========================================================================
Received Import Request.
  Time since last request: 0.000027 seconds.
  path: Assets/Grass.png
  artifactKey: Guid(8fbb74dce1e73924fab7190cc44d6a2d) Importer(815301076,1909f56bfc062723c751e8b465ee728b)
Start importing Assets/Grass.png using Guid(8fbb74dce1e73924fab7190cc44d6a2d) Importer(815301076,1909f56bfc062723c751e8b465ee728b) (PreviewImporter) -> (artifact id: '86ef0e76eb520951498dcc40a8ce9468') in 0.0182285 seconds
Number of updated asset objects reloaded before import = 0Number of asset objects unloaded after import = 3

========================================================================
Received Import Request.
  Time since last request: 0.000018 seconds.
  path: Assets/Cave.png
  artifactKey: Guid(62900e51bfd59f448878640f31e7a38d) Importer(815301076,1909f56bfc062723c751e8b465ee728b)
Start importing Assets/Cave.png using Guid(62900e51bfd59f448878640f31e7a38d) Importer(815301076,1909f56bfc062723c751e8b465ee728b) (PreviewImporter) -> (artifact id: '8304f1b2d6dcafea2f742b999eed290b') in 0.0138057 seconds
Number of updated asset objects reloaded before import = 0Number of asset objects unloaded after import = 3

========================================================================
Received Import Request.
  Time since last request: 0.000020 seconds.
  path: Assets/grasstile.png
  artifactKey: Guid(3349f2272e8df654d9b0c37d27760849) Importer(815301076,1909f56bfc062723c751e8b465ee728b)
Start importing Assets/grasstile.png using Guid(3349f2272e8df654d9b0c37d27760849) Importer(815301076,1909f56bfc062723c751e8b465ee728b) (PreviewImporter) -> (artifact id: '21b2cc1c84a365e30e5865af4597cc49') in 0.017559 seconds
Number of updated asset objects reloaded before import = 0Number of asset objects unloaded after import = 3

========================================================================
Received Import Request.
  Time since last request: 0.000024 seconds.
  path: Assets/NewBrush.brush
  artifactKey: Guid(8becfa6725764f541be2218677559304) Importer(815301076,1909f56bfc062723c751e8b465ee728b)
Start importing Assets/NewBrush.brush using Guid(8becfa6725764f541be2218677559304) Importer(815301076,1909f56bfc062723c751e8b465ee728b) (PreviewImporter) -> (artifact id: '28af8cc62b945cd68960ca6ca0206639') in 0.0246269 seconds
Number of updated asset objects reloaded before import = 0Number of asset objects unloaded after import = 2

========================================================================
Received Import Request.
  Time since last request: 0.000021 seconds.
  path: Assets/Casa_Mat.mat
  artifactKey: Guid(70c6735ba21f41043b1ebb1335d7d049) Importer(815301076,1909f56bfc062723c751e8b465ee728b)
Start importing Assets/Casa_Mat.mat using Guid(70c6735ba21f41043b1ebb1335d7d049) Importer(815301076,1909f56bfc062723c751e8b465ee728b) (PreviewImporter) -> (artifact id: 'aaebaa280220ec527e68c38e5106942b') in 0.0291933 seconds
Number of updated asset objects reloaded before import = 0Number of asset objects unloaded after import = 2

========================================================================
Received Import Request.
  Time since last request: 0.000020 seconds.
  path: Assets/Bush3.png
  artifactKey: Guid(9d5e528c3af3ca74b913fbdc8ad9d3a3) Importer(815301076,1909f56bfc062723c751e8b465ee728b)
Start importing Assets/Bush3.png using Guid(9d5e528c3af3ca74b913fbdc8ad9d3a3) Importer(815301076,1909f56bfc062723c751e8b465ee728b) (PreviewImporter) -> (artifact id: '4f573bec73516b14140524a3e51b4184') in 0.0123968 seconds
Number of updated asset objects reloaded before import = 0Number of asset objects unloaded after import = 3

========================================================================
Received Import Request.
  Time since last request: 0.000027 seconds.
  path: Assets/WallArena.png
  artifactKey: Guid(f7ab86ce15a8b194cbe2134b30408e98) Importer(815301076,1909f56bfc062723c751e8b465ee728b)
Start importing Assets/WallArena.png using Guid(f7ab86ce15a8b194cbe2134b30408e98) Importer(815301076,1909f56bfc062723c751e8b465ee728b) (PreviewImporter) -> (artifact id: 'a6a4936f77fb66687e9b2df85a08edd1') in 0.012762 seconds
Number of updated asset objects reloaded before import = 0Number of asset objects unloaded after import = 3

========================================================================
Received Import Request.
  Time since last request: 0.000016 seconds.
  path: Assets/arbusto.png
  artifactKey: Guid(ab7fd16f5c6431741b5f3ecc7586d08f) Importer(815301076,1909f56bfc062723c751e8b465ee728b)
Start importing Assets/arbusto.png using Guid(ab7fd16f5c6431741b5f3ecc7586d08f) Importer(815301076,1909f56bfc062723c751e8b465ee728b) (PreviewImporter) -> (artifact id: '165c2f2800458f1c27c22eece0db2e63') in 0.013758 seconds
Number of updated asset objects reloaded before import = 0Number of asset objects unloaded after import = 3

========================================================================
Received Import Request.
  Time since last request: 0.000017 seconds.
  path: Assets/Dirt.png
  artifactKey: Guid(ad207e7661aa65648bc7a1b9f7b925ec) Importer(815301076,1909f56bfc062723c751e8b465ee728b)
Start importing Assets/Dirt.png using Guid(ad207e7661aa65648bc7a1b9f7b925ec) Importer(815301076,1909f56bfc062723c751e8b465ee728b) (PreviewImporter) -> (artifact id: '87f34193b4bbd3a4a9123d32c56f6b77') in 0.0125071 seconds
Number of updated asset objects reloaded before import = 0Number of asset objects unloaded after import = 3

========================================================================
Received Import Request.
  Time since last request: 0.000016 seconds.
  path: Assets/casa.png
  artifactKey: Guid(7b46e37eb20349f4c892b82ffaf5a5f5) Importer(815301076,1909f56bfc062723c751e8b465ee728b)
Start importing Assets/casa.png using Guid(7b46e37eb20349f4c892b82ffaf5a5f5) Importer(815301076,1909f56bfc062723c751e8b465ee728b) (PreviewImporter) -> (artifact id: '837d2dd63752257f95e8f4766d016105') in 0.0138098 seconds
Number of updated asset objects reloaded before import = 0Number of asset objects unloaded after import = 3

========================================================================
Received Import Request.
  Time since last request: 0.000016 seconds.
  path: Assets/gameoverscreen.jpg
  artifactKey: Guid(c145a15f4327c84489ff099c881f996a) Importer(815301076,1909f56bfc062723c751e8b465ee728b)
Start importing Assets/gameoverscreen.jpg using Guid(c145a15f4327c84489ff099c881f996a) Importer(815301076,1909f56bfc062723c751e8b465ee728b) (PreviewImporter) -> (artifact id: 'd62d0b46b855cee7cbd01387f9c99832') in 0.0157406 seconds
Number of updated asset objects reloaded before import = 0Number of asset objects unloaded after import = 3

========================================================================
Received Import Request.
  Time since last request: 0.000017 seconds.
  path: Assets/InputSystem_Actions.inputactions
  artifactKey: Guid(052faaac586de48259a63d0c4782560b) Importer(815301076,1909f56bfc062723c751e8b465ee728b)
Start importing Assets/InputSystem_Actions.inputactions using Guid(052faaac586de48259a63d0c4782560b) Importer(815301076,1909f56bfc062723c751e8b465ee728b) (PreviewImporter) -> (artifact id: '5e3f70f0364ded6a0e35bba7f5564b43') in 0.0044374 seconds
Number of updated asset objects reloaded before import = 0Number of asset objects unloaded after import = 20

========================================================================
Received Import Request.
  Time since last request: 0.000018 seconds.
  path: Assets/Log1.png
  artifactKey: Guid(2239ba28de580374db80c93210e264cd) Importer(815301076,1909f56bfc062723c751e8b465ee728b)
Start importing Assets/Log1.png using Guid(2239ba28de580374db80c93210e264cd) Importer(815301076,1909f56bfc062723c751e8b465ee728b) (PreviewImporter) -> (artifact id: 'ee8ebe021cd3409c2924725403a81a45') in 0.0131304 seconds
Number of updated asset objects reloaded before import = 0Number of asset objects unloaded after import = 3

========================================================================
Received Import Request.
  Time since last request: 0.000018 seconds.
  path: Assets/Readme.asset
  artifactKey: Guid(8105016687592461f977c054a80ce2f2) Importer(815301076,1909f56bfc062723c751e8b465ee728b)
Start importing Assets/Readme.asset using Guid(8105016687592461f977c054a80ce2f2) Importer(815301076,1909f56bfc062723c751e8b465ee728b) (PreviewImporter) -> (artifact id: '7564957e633b305f4e69560a9de8e20a') in 0.0016865 seconds
Number of updated asset objects reloaded before import = 0Number of asset objects unloaded after import = 2

========================================================================
Received Import Request.
  Time since last request: 0.000024 seconds.
  path: Assets/portoes.png
  artifactKey: Guid(f4f1185fa38048949a9713598c1b3fe9) Importer(815301076,1909f56bfc062723c751e8b465ee728b)
Start importing Assets/portoes.png using Guid(f4f1185fa38048949a9713598c1b3fe9) Importer(815301076,1909f56bfc062723c751e8b465ee728b) (PreviewImporter) -> (artifact id: 'df87a4f34e5ba67e3640aecd8f98aef9') in 0.0193837 seconds
Number of updated asset objects reloaded before import = 0Number of asset objects unloaded after import = 7

========================================================================
Received Import Request.
  Time since last request: 0.000018 seconds.
  path: Assets/pedra.png
  artifactKey: Guid(dfc7c0041d9afa846ac969868a01de5f) Importer(815301076,1909f56bfc062723c751e8b465ee728b)
Start importing Assets/pedra.png using Guid(dfc7c0041d9afa846ac969868a01de5f) Importer(815301076,1909f56bfc062723c751e8b465ee728b) (PreviewImporter) -> (artifact id: '6b765f55981a1adbf6a8eeda43ae881c') in 0.0141954 seconds
Number of updated asset objects reloaded before import = 0Number of asset objects unloaded after import = 3

========================================================================
Received Import Request.
  Time since last request: 0.000016 seconds.
  path: Assets/GrassTexture.png
  artifactKey: Guid(04bc76b3ecadb574797ac4659f368abb) Importer(815301076,1909f56bfc062723c751e8b465ee728b)
Start importing Assets/GrassTexture.png using Guid(04bc76b3ecadb574797ac4659f368abb) Importer(815301076,1909f56bfc062723c751e8b465ee728b) (PreviewImporter) -> (artifact id: 'e8fafdc8735576437871526898d485cc') in 0.0126168 seconds
Number of updated asset objects reloaded before import = 0Number of asset objects unloaded after import = 3

========================================================================
Received Import Request.
  Time since last request: 0.000015 seconds.
  path: Assets/EnemySlime.png
  artifactKey: Guid(d933e4f0736660a449cc522cbdd4e654) Importer(815301076,1909f56bfc062723c751e8b465ee728b)
Start importing Assets/EnemySlime.png using Guid(d933e4f0736660a449cc522cbdd4e654) Importer(815301076,1909f56bfc062723c751e8b465ee728b) (PreviewImporter) -> (artifact id: 'b9a18561ebcfa7f596260d7f6231e38c') in 0.0137115 seconds
Number of updated asset objects reloaded before import = 0Number of asset objects unloaded after import = 3

========================================================================
Received Import Request.
  Time since last request: 0.000016 seconds.
  path: Assets/arvore.png
  artifactKey: Guid(0c4fa456e6747e04792d9489533d7aa0) Importer(815301076,1909f56bfc062723c751e8b465ee728b)
Start importing Assets/arvore.png using Guid(0c4fa456e6747e04792d9489533d7aa0) Importer(815301076,1909f56bfc062723c751e8b465ee728b) (PreviewImporter) -> (artifact id: 'b997c7b0ba63fa860ec74415a7b5684c') in 0.0133656 seconds
Number of updated asset objects reloaded before import = 0Number of asset objects unloaded after import = 3

========================================================================
Received Import Request.
  Time since last request: 0.000017 seconds.
  path: Assets/NPC.png
  artifactKey: Guid(444c24c9161b22d4b9d665cd790e490f) Importer(815301076,1909f56bfc062723c751e8b465ee728b)
Start importing Assets/NPC.png using Guid(444c24c9161b22d4b9d665cd790e490f) Importer(815301076,1909f56bfc062723c751e8b465ee728b) (PreviewImporter) -> (artifact id: 'e866c6356839e84e65df332b88bcfb55') in 0.0129045 seconds
Number of updated asset objects reloaded before import = 0Number of asset objects unloaded after import = 3

========================================================================
Received Import Request.
  Time since last request: 0.000019 seconds.
  path: Assets/ManaDrop.png
  artifactKey: Guid(6894293bf8be7f5478082c7a67ea98d6) Importer(815301076,1909f56bfc062723c751e8b465ee728b)
Start importing Assets/ManaDrop.png using Guid(6894293bf8be7f5478082c7a67ea98d6) Importer(815301076,1909f56bfc062723c751e8b465ee728b) (PreviewImporter) -> (artifact id: 'd8d6fa992281d79a15711bdf50cd9e68') in 0.0161229 seconds
Number of updated asset objects reloaded before import = 0Number of asset objects unloaded after import = 3

========================================================================
Received Import Request.
  Time since last request: 58.775251 seconds.
  path: Assets/Dark_Forest/Scene
  artifactKey: Guid(335352e714f06b546abe656e7232e6ba) Importer(815301076,1909f56bfc062723c751e8b465ee728b)
Start importing Assets/Dark_Forest/Scene using Guid(335352e714f06b546abe656e7232e6ba) Importer(815301076,1909f56bfc062723c751e8b465ee728b) (PreviewImporter) -> (artifact id: '636d5dffbaaa86f69a3067330f0821f3') in 0.0004435 seconds
Number of updated asset objects reloaded before import = 0Number of asset objects unloaded after import = 0

========================================================================
Received Import Request.
  Time since last request: 10.135420 seconds.
  path: Assets/Dark_Forest/Scene/Demo.unity
  artifactKey: Guid(d011cd83c507ad44884a1a0ae306c214) Importer(815301076,1909f56bfc062723c751e8b465ee728b)
Start importing Assets/Dark_Forest/Scene/Demo.unity using Guid(d011cd83c507ad44884a1a0ae306c214) Importer(815301076,1909f56bfc062723c751e8b465ee728b) (PreviewImporter) -> (artifact id: '535e3079303c986d915d84399e31990c') in 0.0004087 seconds
Number of updated asset objects reloaded before import = 0Number of asset objects unloaded after import = 0

========================================================================
Received Import Request.
  Time since last request: 59.959956 seconds.
  path: Assets/Scenes/TestArea.unity
  artifactKey: Guid(7f566c6df12a5a64982d2f9563064087) Importer(815301076,1909f56bfc062723c751e8b465ee728b)
Start importing Assets/Scenes/TestArea.unity using Guid(7f566c6df12a5a64982d2f9563064087) Importer(815301076,1909f56bfc062723c751e8b465ee728b) (PreviewImporter) -> (artifact id: '2054e35ba85f2d3764d7f3ef6435002b') in 0.0003907 seconds
Number of updated asset objects reloaded before import = 0Number of asset objects unloaded after import = 0

========================================================================
Received Import Request.
  Time since last request: 122.817661 seconds.
  path: Assets/NPC/NPCInteraction.cs
  artifactKey: Guid(3c9f3672a5f9bb44c816be82fc0d6757) Importer(815301076,1909f56bfc062723c751e8b465ee728b)
Start importing Assets/NPC/NPCInteraction.cs using Guid(3c9f3672a5f9bb44c816be82fc0d6757) Importer(815301076,1909f56bfc062723c751e8b465ee728b) (PreviewImporter) -> (artifact id: 'e2ee4ee1fbe9fda9440760908926c945') in 0.0003611 seconds
Number of updated asset objects reloaded before import = 0Number of asset objects unloaded after import = 0

========================================================================
Received Import Request.
  Time since last request: 1.234787 seconds.
  path: Assets/NPC/NPCInteractionTrigger.cs
  artifactKey: Guid(e124f757b2f2b26428d145037b20e0b3) Importer(815301076,1909f56bfc062723c751e8b465ee728b)
Start importing Assets/NPC/NPCInteractionTrigger.cs using Guid(e124f757b2f2b26428d145037b20e0b3) Importer(815301076,1909f56bfc062723c751e8b465ee728b) (PreviewImporter) -> (artifact id: 'f26479597b760f10ebba2a6cd0344881') in 0.0004093 seconds
Number of updated asset objects reloaded before import = 0Number of asset objects unloaded after import = 0

