Using pre-set license
Built from '6000.0/staging' branch; Version is '6000.0.23f1 (1c4764c07fb4) revision 1853284'; Using compiler version '193933523'; Build Type 'Release'
OS: 'Windows 11  (10.0.26100) 64bit Core' Language: 'pt' Physical Memory: 32361 MB
BatchMode: 1, IsHumanControllingUs: 0, StartBugReporterOnCrash: 0, Is64bit: 1, IsPro: 1

COMMAND LINE ARGUMENTS:
C:\Program Files\Unity\Hub\Editor\6000.0.23f1\Editor\Unity.exe
-adb2
-batchMode
-noUpm
-name
AssetImportWorker0
-projectPath
C:/Users/User/Documents/GitHub/Projeto-Aplicado/PA_TheReturnOfTheFallen
-logFile
Logs/AssetImportWorker0.log
-srvPort
57066
-job-worker-count
5
-background-job-worker-count
8
-asset-garbage-collectors
1
Successfully changed project path to: C:/Users/User/Documents/GitHub/Projeto-Aplicado/PA_TheReturnOfTheFallen
C:/Users/User/Documents/GitHub/Projeto-Aplicado/PA_TheReturnOfTheFallen
[UnityMemory] Configuration Parameters - Can be set up in boot.config
    "memorysetup-bucket-allocator-granularity=16"
    "memorysetup-bucket-allocator-bucket-count=8"
    "memorysetup-bucket-allocator-block-size=33554432"
    "memorysetup-bucket-allocator-block-count=8"
    "memorysetup-main-allocator-block-size=16777216"
    "memorysetup-thread-allocator-block-size=16777216"
    "memorysetup-gfx-main-allocator-block-size=16777216"
    "memorysetup-gfx-thread-allocator-block-size=16777216"
    "memorysetup-cache-allocator-block-size=4194304"
    "memorysetup-typetree-allocator-block-size=2097152"
    "memorysetup-profiler-bucket-allocator-granularity=16"
    "memorysetup-profiler-bucket-allocator-bucket-count=8"
    "memorysetup-profiler-bucket-allocator-block-size=33554432"
    "memorysetup-profiler-bucket-allocator-block-count=8"
    "memorysetup-profiler-allocator-block-size=16777216"
    "memorysetup-profiler-editor-allocator-block-size=1048576"
    "memorysetup-temp-allocator-size-main=16777216"
    "memorysetup-job-temp-allocator-block-size=2097152"
    "memorysetup-job-temp-allocator-block-size-background=1048576"
    "memorysetup-job-temp-allocator-reduction-small-platforms=262144"
    "memorysetup-allocator-temp-initial-block-size-main=262144"
    "memorysetup-allocator-temp-initial-block-size-worker=262144"
    "memorysetup-temp-allocator-size-background-worker=32768"
    "memorysetup-temp-allocator-size-job-worker=262144"
    "memorysetup-temp-allocator-size-preload-manager=33554432"
    "memorysetup-temp-allocator-size-nav-mesh-worker=65536"
    "memorysetup-temp-allocator-size-audio-worker=65536"
    "memorysetup-temp-allocator-size-cloud-worker=32768"
    "memorysetup-temp-allocator-size-gi-baking-worker=262144"
    "memorysetup-temp-allocator-size-gi-baking-worker=262144"
    "memorysetup-temp-allocator-size-gi-baking-worker=262144"
    "memorysetup-temp-allocator-size-gi-baking-worker=262144"
    "memorysetup-temp-allocator-size-gi-baking-worker=262144"
    "memorysetup-temp-allocator-size-gfx=262144"
Player connection [7164]  Target information:

Player connection [7164]  * "[IP] 193.167.1.28 [Port] 0 [Flags] 2 [Guid] 3236624955 [EditorId] 3236624955 [Version] 1048832 [Id] WindowsEditor(7,DESKTOP-9BODUND) [Debug] 1 [PackageName] WindowsEditor [ProjectName] Editor" 

Player connection [7164] Host joined multi-casting on [225.0.0.222:54997]...
Player connection [7164] Host joined alternative multi-casting on [225.0.0.222:34997]...
JobSystem: Creating JobQueue using job-worker-count value 5
[Physics::Module] Initialized fallback backend.
[Physics::Module] Id: 0xdecafbad
Library Redirect Path: Library/
[Physics::Module] Selected backend.
[Physics::Module] Name: PhysX
[Physics::Module] Id: 0xf2b8ea05
[Physics::Module] SDK Version: 4.1.2
[Physics::Module] Integration Version: 1.0.0
[Physics::Module] Threading Mode: Multi-Threaded
Refreshing native plugins compatible for Editor in 1.86 ms, found 3 plugins.
Preloading 0 native plugins for Editor in 0.00 ms.
Initialize engine version: 6000.0.23f1 (1c4764c07fb4)
[Subsystems] Discovering subsystems at path C:/Program Files/Unity/Hub/Editor/6000.0.23f1/Editor/Data/Resources/UnitySubsystems
[Subsystems] Discovering subsystems at path C:/Users/User/Documents/GitHub/Projeto-Aplicado/PA_TheReturnOfTheFallen/Assets
GfxDevice: creating device client; kGfxThreadingModeNonThreaded
Direct3D:
    Version:  Direct3D 11.0 [level 11.1]
    Renderer: NVIDIA GeForce RTX 5060 (ID=0x2d05)
    Vendor:   NVIDIA
    VRAM:     7895 MB
    Driver:   32.0.15.9159
Initialize mono
Mono path[0] = 'C:/Program Files/Unity/Hub/Editor/6000.0.23f1/Editor/Data/Managed'
Mono path[1] = 'C:/Program Files/Unity/Hub/Editor/6000.0.23f1/Editor/Data/MonoBleedingEdge/lib/mono/unityjit-win32'
Mono config path = 'C:/Program Files/Unity/Hub/Editor/6000.0.23f1/Editor/Data/MonoBleedingEdge/etc'
Using monoOptions --debugger-agent=transport=dt_socket,embedding=1,server=y,suspend=n,address=127.0.0.1:56268
Begin MonoManager ReloadAssembly
Registering precompiled unity dll's ...
Register platform support module: C:/Program Files/Unity/Hub/Editor/6000.0.23f1/Editor/Data/PlaybackEngines/WindowsStandaloneSupport/UnityEditor.WindowsStandalone.Extensions.dll
Registered in 0.002168 seconds.
- Loaded All Assemblies, in  0.278 seconds
Native extension for WindowsStandalone target not found
Mono: successfully reloaded assembly
- Finished resetting the current domain, in  0.275 seconds
Domain Reload Profiling: 552ms
	BeginReloadAssembly (95ms)
		ExecutionOrderSort (0ms)
		DisableScriptedObjects (0ms)
		BackupInstance (0ms)
		ReleaseScriptingObjects (0ms)
		CreateAndSetChildDomain (0ms)
	RebuildCommonClasses (31ms)
	RebuildNativeTypeToScriptingClass (9ms)
	initialDomainReloadingComplete (34ms)
	LoadAllAssembliesAndSetupDomain (107ms)
		LoadAssemblies (93ms)
		RebuildTransferFunctionScriptingTraits (0ms)
		AnalyzeDomain (105ms)
			TypeCache.Refresh (104ms)
				TypeCache.ScanAssembly (95ms)
			BuildScriptInfoCaches (0ms)
			ResolveRequiredComponents (0ms)
	FinalizeReload (276ms)
		ReleaseScriptCaches (0ms)
		RebuildScriptCaches (0ms)
		SetupLoadedEditorAssemblies (240ms)
			LogAssemblyErrors (0ms)
			InitializePlatformSupportModulesInManaged (20ms)
			SetLoadedEditorAssemblies (4ms)
			BeforeProcessingInitializeOnLoad (5ms)
			ProcessInitializeOnLoadAttributes (162ms)
			ProcessInitializeOnLoadMethodAttributes (48ms)
			AfterProcessingInitializeOnLoad (2ms)
			EditorAssembliesLoaded (0ms)
		ExecutionOrderSort2 (0ms)
		AwakeInstancesAfterBackupRestoration (0ms)
========================================================================
Worker process is ready to serve import requests
Import Worker Mode flag is 0x00
Begin MonoManager ReloadAssembly
- Loaded All Assemblies, in  0.777 seconds
Refreshing native plugins compatible for Editor in 1.02 ms, found 3 plugins.
Native extension for WindowsStandalone target not found
Mono: successfully reloaded assembly
- Finished resetting the current domain, in  0.669 seconds
Domain Reload Profiling: 1441ms
	BeginReloadAssembly (287ms)
		ExecutionOrderSort (0ms)
		DisableScriptedObjects (5ms)
		BackupInstance (0ms)
		ReleaseScriptingObjects (0ms)
		CreateAndSetChildDomain (27ms)
	RebuildCommonClasses (27ms)
	RebuildNativeTypeToScriptingClass (9ms)
	initialDomainReloadingComplete (29ms)
	LoadAllAssembliesAndSetupDomain (420ms)
		LoadAssemblies (283ms)
		RebuildTransferFunctionScriptingTraits (0ms)
		AnalyzeDomain (216ms)
			TypeCache.Refresh (139ms)
				TypeCache.ScanAssembly (127ms)
			BuildScriptInfoCaches (66ms)
			ResolveRequiredComponents (9ms)
	FinalizeReload (669ms)
		ReleaseScriptCaches (0ms)
		RebuildScriptCaches (0ms)
		SetupLoadedEditorAssemblies (468ms)
			LogAssemblyErrors (0ms)
			InitializePlatformSupportModulesInManaged (2ms)
			SetLoadedEditorAssemblies (4ms)
			BeforeProcessingInitializeOnLoad (61ms)
			ProcessInitializeOnLoadAttributes (332ms)
			ProcessInitializeOnLoadMethodAttributes (62ms)
			AfterProcessingInitializeOnLoad (7ms)
			EditorAssembliesLoaded (0ms)
		ExecutionOrderSort2 (0ms)
		AwakeInstancesAfterBackupRestoration (5ms)
Launched and connected shader compiler UnityShaderCompiler.exe after 0.01 seconds
Refreshing native plugins compatible for Editor in 1.34 ms, found 3 plugins.
Preloading 0 native plugins for Editor in 0.00 ms.
Unloading 212 Unused Serialized files (Serialized files now loaded: 0)
Unloading 6448 unused Assets / (4.2 MB). Loaded Objects now: 7233.
Memory consumption went from 190.7 MB to 186.5 MB.
Total: 8.394800 ms (FindLiveObjects: 0.732600 ms CreateObjectMapping: 0.793700 ms MarkObjects: 4.648300 ms  DeleteObjects: 2.219000 ms)

========================================================================
Received Import Request.
  Time since last request: 7682.167658 seconds.
  path: Assets/Tree4.png
  artifactKey: Guid(ecc10ae9430eacb4aad59e03af2628e5) Importer(815301076,1909f56bfc062723c751e8b465ee728b)
Start importing Assets/Tree4.png using Guid(ecc10ae9430eacb4aad59e03af2628e5) Importer(815301076,1909f56bfc062723c751e8b465ee728b) (PreviewImporter) -> (artifact id: '9582248aec5590c8f20f7ec377a35be7') in 0.0698798 seconds
Number of updated asset objects reloaded before import = 0Number of asset objects unloaded after import = 3

========================================================================
Received Import Request.
  Time since last request: 0.000014 seconds.
  path: Assets/House_17.fbx
  artifactKey: Guid(26cdfe56129c2a6469183788c6c7700f) Importer(815301076,1909f56bfc062723c751e8b465ee728b)
Start importing Assets/House_17.fbx using Guid(26cdfe56129c2a6469183788c6c7700f) Importer(815301076,1909f56bfc062723c751e8b465ee728b) (PreviewImporter) -> (artifact id: 'e100c7b341350565f3c971a879ca2736') in 2.4997207 seconds
Number of updated asset objects reloaded before import = 0Number of asset objects unloaded after import = 486

========================================================================
Received Import Request.
  Time since last request: 0.000040 seconds.
  path: Assets/portalRings1.png
  artifactKey: Guid(a6ead57cef4975d449372fa8f51a4044) Importer(815301076,1909f56bfc062723c751e8b465ee728b)
Start importing Assets/portalRings1.png using Guid(a6ead57cef4975d449372fa8f51a4044) Importer(815301076,1909f56bfc062723c751e8b465ee728b) (PreviewImporter) -> (artifact id: '30601f8a3a6976e7e99b28ab03db01b1') in 0.0317666 seconds
Number of updated asset objects reloaded before import = 0Number of asset objects unloaded after import = 19

========================================================================
Received Import Request.
  Time since last request: 0.000029 seconds.
  path: Assets/House_18_Full.fbx
  artifactKey: Guid(52b85805326ee594580bda2ede935b69) Importer(815301076,1909f56bfc062723c751e8b465ee728b)
Start importing Assets/House_18_Full.fbx using Guid(52b85805326ee594580bda2ede935b69) Importer(815301076,1909f56bfc062723c751e8b465ee728b) (PreviewImporter) -> (artifact id: 'a64c83c31b21a4449ba381c39dad6fe5') in 1.0373487 seconds
Number of updated asset objects reloaded before import = 0Number of asset objects unloaded after import = 1001

========================================================================
Received Import Request.
  Time since last request: 0.000021 seconds.
  path: Assets/mainlevbuild.png
  artifactKey: Guid(ecf1699fee0479646bbce57d07a34c6a) Importer(815301076,1909f56bfc062723c751e8b465ee728b)
Start importing Assets/mainlevbuild.png using Guid(ecf1699fee0479646bbce57d07a34c6a) Importer(815301076,1909f56bfc062723c751e8b465ee728b) (PreviewImporter) -> (artifact id: '6249963bd515d6e1ad555a41037df85e') in 0.0320309 seconds
Number of updated asset objects reloaded before import = 0Number of asset objects unloaded after import = 13

========================================================================
Received Import Request.
  Time since last request: 0.000032 seconds.
  path: Assets/TerrainData_952d45df-ee77-4a89-85ea-b24ad9ff9c36.asset
  artifactKey: Guid(f9ff37f682d5a6041ac07c2ab4d530ff) Importer(815301076,1909f56bfc062723c751e8b465ee728b)
Start importing Assets/TerrainData_952d45df-ee77-4a89-85ea-b24ad9ff9c36.asset using Guid(f9ff37f682d5a6041ac07c2ab4d530ff) Importer(815301076,1909f56bfc062723c751e8b465ee728b) (PreviewImporter) -> (artifact id: '04efb5c11b0765f86f56ff482da996d2') in 0.0157917 seconds
Number of updated asset objects reloaded before import = 0Number of asset objects unloaded after import = 3

========================================================================
Received Import Request.
  Time since last request: 0.000020 seconds.
  path: Assets/House_10_full.fbx
  artifactKey: Guid(cc81898a152807247ab2d0860f7d6dc4) Importer(815301076,1909f56bfc062723c751e8b465ee728b)
Start importing Assets/House_10_full.fbx using Guid(cc81898a152807247ab2d0860f7d6dc4) Importer(815301076,1909f56bfc062723c751e8b465ee728b) (PreviewImporter) -> (artifact id: '159a0aed04acc7bf830259a16f396860') in 0.6750326 seconds
Number of updated asset objects reloaded before import = 0Number of asset objects unloaded after import = 596

========================================================================
Received Import Request.
  Time since last request: 0.000020 seconds.
  path: Assets/Plates.png
  artifactKey: Guid(8db26a84cf743b648b009bee31d1c381) Importer(815301076,1909f56bfc062723c751e8b465ee728b)
Start importing Assets/Plates.png using Guid(8db26a84cf743b648b009bee31d1c381) Importer(815301076,1909f56bfc062723c751e8b465ee728b) (PreviewImporter) -> (artifact id: 'f0977d2119e961168cd69b1983456e05') in 0.0157432 seconds
Number of updated asset objects reloaded before import = 0Number of asset objects unloaded after import = 4

========================================================================
Received Import Request.
  Time since last request: 0.000026 seconds.
  path: Assets/WoodTile.jpg
  artifactKey: Guid(841e57e4d7bfe15488dde1f56be49572) Importer(815301076,1909f56bfc062723c751e8b465ee728b)
Start importing Assets/WoodTile.jpg using Guid(841e57e4d7bfe15488dde1f56be49572) Importer(815301076,1909f56bfc062723c751e8b465ee728b) (PreviewImporter) -> (artifact id: 'cd28895c573355811201da3daf6ba54d') in 0.0149461 seconds
Number of updated asset objects reloaded before import = 0Number of asset objects unloaded after import = 3

========================================================================
Received Import Request.
  Time since last request: 0.000019 seconds.
  path: Assets/seamless dirt.png
  artifactKey: Guid(e4bf7b76fbc33dd46b164fba575b49b7) Importer(815301076,1909f56bfc062723c751e8b465ee728b)
Start importing Assets/seamless dirt.png using Guid(e4bf7b76fbc33dd46b164fba575b49b7) Importer(815301076,1909f56bfc062723c751e8b465ee728b) (PreviewImporter) -> (artifact id: 'cf53abaeb51afb210cfca15f0a17fb8a') in 0.0125442 seconds
Number of updated asset objects reloaded before import = 0Number of asset objects unloaded after import = 2

========================================================================
Received Import Request.
  Time since last request: 0.000019 seconds.
  path: Assets/TerrainData_fb7c5132-4dab-4d44-af4d-34d7fc13f6ea.asset
  artifactKey: Guid(418cfb16c835f704889f6d5b7e176eaf) Importer(815301076,1909f56bfc062723c751e8b465ee728b)
Start importing Assets/TerrainData_fb7c5132-4dab-4d44-af4d-34d7fc13f6ea.asset using Guid(418cfb16c835f704889f6d5b7e176eaf) Importer(815301076,1909f56bfc062723c751e8b465ee728b) (PreviewImporter) -> (artifact id: '70f65a79d337a03744999e7003444534') in 0.0154642 seconds
Number of updated asset objects reloaded before import = 0Number of asset objects unloaded after import = 3

========================================================================
Received Import Request.
  Time since last request: 0.000016 seconds.
  path: Assets/ManorWindows.png
  artifactKey: Guid(263b3ecbf292e1c42be17575fc5c5f53) Importer(815301076,1909f56bfc062723c751e8b465ee728b)
Start importing Assets/ManorWindows.png using Guid(263b3ecbf292e1c42be17575fc5c5f53) Importer(815301076,1909f56bfc062723c751e8b465ee728b) (PreviewImporter) -> (artifact id: '6525fe6f96e1faa8b7a29f0ff891784d') in 0.0120514 seconds
Number of updated asset objects reloaded before import = 0Number of asset objects unloaded after import = 3

========================================================================
Received Import Request.
  Time since last request: 0.000017 seconds.
  path: Assets/HealthPotion.png
  artifactKey: Guid(bf1a441d1fdf85f468124c26bff45a1f) Importer(815301076,1909f56bfc062723c751e8b465ee728b)
Start importing Assets/HealthPotion.png using Guid(bf1a441d1fdf85f468124c26bff45a1f) Importer(815301076,1909f56bfc062723c751e8b465ee728b) (PreviewImporter) -> (artifact id: '60a42fbb7ee7881e32c7ef93e8067653') in 0.013053 seconds
Number of updated asset objects reloaded before import = 0Number of asset objects unloaded after import = 3

========================================================================
Received Import Request.
  Time since last request: 0.000020 seconds.
  path: Assets/house_14.fbx
  artifactKey: Guid(a72d32acc85727f42adc122500dce146) Importer(815301076,1909f56bfc062723c751e8b465ee728b)
Start importing Assets/house_14.fbx using Guid(a72d32acc85727f42adc122500dce146) Importer(815301076,1909f56bfc062723c751e8b465ee728b) (PreviewImporter) -> (artifact id: '1d3f244871c2bffc8d9c41be4695993d') in 0.5172383 seconds
Number of updated asset objects reloaded before import = 0Number of asset objects unloaded after import = 536

========================================================================
Received Import Request.
  Time since last request: 0.000020 seconds.
  path: Assets/gameoverscreen.jpg
  artifactKey: Guid(c145a15f4327c84489ff099c881f996a) Importer(815301076,1909f56bfc062723c751e8b465ee728b)
Start importing Assets/gameoverscreen.jpg using Guid(c145a15f4327c84489ff099c881f996a) Importer(815301076,1909f56bfc062723c751e8b465ee728b) (PreviewImporter) -> (artifact id: '9e55537ad1df911ad7fab26286bae8f6') in 0.0158091 seconds
Number of updated asset objects reloaded before import = 0Number of asset objects unloaded after import = 3

========================================================================
Received Import Request.
  Time since last request: 0.000024 seconds.
  path: Assets/arvore.png
  artifactKey: Guid(0c4fa456e6747e04792d9489533d7aa0) Importer(815301076,1909f56bfc062723c751e8b465ee728b)
Start importing Assets/arvore.png using Guid(0c4fa456e6747e04792d9489533d7aa0) Importer(815301076,1909f56bfc062723c751e8b465ee728b) (PreviewImporter) -> (artifact id: 'f49987ee58c17dc10c9ab42fc151215b') in 0.0127918 seconds
Number of updated asset objects reloaded before import = 0Number of asset objects unloaded after import = 3

========================================================================
Received Import Request.
  Time since last request: 0.000017 seconds.
  path: Assets/NewLayer.terrainlayer
  artifactKey: Guid(860324e310fb842438bfbd6bb57f84a4) Importer(815301076,1909f56bfc062723c751e8b465ee728b)
Start importing Assets/NewLayer.terrainlayer using Guid(860324e310fb842438bfbd6bb57f84a4) Importer(815301076,1909f56bfc062723c751e8b465ee728b) (PreviewImporter) -> (artifact id: '66afe70e232aceae49ae94d9ff36a124') in 0.0173494 seconds
Number of updated asset objects reloaded before import = 0Number of asset objects unloaded after import = 2

========================================================================
Received Import Request.
  Time since last request: 0.000021 seconds.
  path: Assets/TerrainData_1ec10d2e-9b77-41cd-bb15-060a9c33170f.asset
  artifactKey: Guid(8bd968d0b4da2d24893204d34b6e28ce) Importer(815301076,1909f56bfc062723c751e8b465ee728b)
Start importing Assets/TerrainData_1ec10d2e-9b77-41cd-bb15-060a9c33170f.asset using Guid(8bd968d0b4da2d24893204d34b6e28ce) Importer(815301076,1909f56bfc062723c751e8b465ee728b) (PreviewImporter) -> (artifact id: 'dd40d71993b9c7135b65f358537753a6') in 0.0152099 seconds
Number of updated asset objects reloaded before import = 0Number of asset objects unloaded after import = 3

========================================================================
Received Import Request.
  Time since last request: 0.000021 seconds.
  path: Assets/WindowTile.png
  artifactKey: Guid(353fa951d77b9b0429287812968696e4) Importer(815301076,1909f56bfc062723c751e8b465ee728b)
Start importing Assets/WindowTile.png using Guid(353fa951d77b9b0429287812968696e4) Importer(815301076,1909f56bfc062723c751e8b465ee728b) (PreviewImporter) -> (artifact id: '010426348d2fa695b237adf398a69f76') in 0.014173 seconds
Number of updated asset objects reloaded before import = 0Number of asset objects unloaded after import = 3

========================================================================
Received Import Request.
  Time since last request: 0.000016 seconds.
  path: Assets/FloorArena.png
  artifactKey: Guid(c1102f9bf4f0a2149a0ea4c3aafa8276) Importer(815301076,1909f56bfc062723c751e8b465ee728b)
Start importing Assets/FloorArena.png using Guid(c1102f9bf4f0a2149a0ea4c3aafa8276) Importer(815301076,1909f56bfc062723c751e8b465ee728b) (PreviewImporter) -> (artifact id: '75d4188b60c2c59a35ad1c8a8c1b9cd1') in 0.0141816 seconds
Number of updated asset objects reloaded before import = 0Number of asset objects unloaded after import = 3

========================================================================
Received Import Request.
  Time since last request: 0.000017 seconds.
  path: Assets/New Terrain 6.asset
  artifactKey: Guid(e85cbb0c510c81140bd262799710da14) Importer(815301076,1909f56bfc062723c751e8b465ee728b)
Start importing Assets/New Terrain 6.asset using Guid(e85cbb0c510c81140bd262799710da14) Importer(815301076,1909f56bfc062723c751e8b465ee728b) (PreviewImporter) -> (artifact id: '6819db670bbaf06d6f9018989dba0983') in 0.0173986 seconds
Number of updated asset objects reloaded before import = 0Number of asset objects unloaded after import = 8

========================================================================
Received Import Request.
  Time since last request: 0.000019 seconds.
  path: Assets/SlimeBoss.png
  artifactKey: Guid(55bdd68ae2948e0408d766e808afb576) Importer(815301076,1909f56bfc062723c751e8b465ee728b)
Start importing Assets/SlimeBoss.png using Guid(55bdd68ae2948e0408d766e808afb576) Importer(815301076,1909f56bfc062723c751e8b465ee728b) (PreviewImporter) -> (artifact id: '4d70b2f37d877f913384274f2a29e52a') in 0.0135785 seconds
Number of updated asset objects reloaded before import = 0Number of asset objects unloaded after import = 3

========================================================================
Received Import Request.
  Time since last request: 0.000025 seconds.
  path: Assets/capitalpath.terrainlayer
  artifactKey: Guid(faf586fd07b30104fab3becd00eeee46) Importer(815301076,1909f56bfc062723c751e8b465ee728b)
Start importing Assets/capitalpath.terrainlayer using Guid(faf586fd07b30104fab3becd00eeee46) Importer(815301076,1909f56bfc062723c751e8b465ee728b) (PreviewImporter) -> (artifact id: '7fabc134698d54e4e28fa340e08ba487') in 0.0108002 seconds
Number of updated asset objects reloaded before import = 0Number of asset objects unloaded after import = 2

========================================================================
Received Import Request.
  Time since last request: 0.000015 seconds.
  path: Assets/Bush_2.png
  artifactKey: Guid(8e0c7babf73e323499131e2ec3c18c39) Importer(815301076,1909f56bfc062723c751e8b465ee728b)
Start importing Assets/Bush_2.png using Guid(8e0c7babf73e323499131e2ec3c18c39) Importer(815301076,1909f56bfc062723c751e8b465ee728b) (PreviewImporter) -> (artifact id: '1f77983fb6f29ac856c7e4be265757ad') in 0.0129317 seconds
Number of updated asset objects reloaded before import = 0Number of asset objects unloaded after import = 3

========================================================================
Received Import Request.
  Time since last request: 0.000017 seconds.
  path: Assets/Icon291.png
  artifactKey: Guid(1835bc1db2ca4e346842306f06597469) Importer(815301076,1909f56bfc062723c751e8b465ee728b)
Start importing Assets/Icon291.png using Guid(1835bc1db2ca4e346842306f06597469) Importer(815301076,1909f56bfc062723c751e8b465ee728b) (PreviewImporter) -> (artifact id: 'fa5a5190fbff254eb9ceff68b02939a9') in 0.0119974 seconds
Number of updated asset objects reloaded before import = 0Number of asset objects unloaded after import = 3

========================================================================
Received Import Request.
  Time since last request: 0.000015 seconds.
  path: Assets/SwordAttack.png
  artifactKey: Guid(a27a88d468fde64489d2ac11578b99a2) Importer(815301076,1909f56bfc062723c751e8b465ee728b)
Start importing Assets/SwordAttack.png using Guid(a27a88d468fde64489d2ac11578b99a2) Importer(815301076,1909f56bfc062723c751e8b465ee728b) (PreviewImporter) -> (artifact id: '4ffe12af8bc9ab786acede2a13857f26') in 0.0147685 seconds
Number of updated asset objects reloaded before import = 0Number of asset objects unloaded after import = 3

========================================================================
Received Import Request.
  Time since last request: 0.000017 seconds.
  path: Assets/ManorWall2.png
  artifactKey: Guid(6b7762a39ed7a3246ab9b4190cd4113a) Importer(815301076,1909f56bfc062723c751e8b465ee728b)
Start importing Assets/ManorWall2.png using Guid(6b7762a39ed7a3246ab9b4190cd4113a) Importer(815301076,1909f56bfc062723c751e8b465ee728b) (PreviewImporter) -> (artifact id: 'eca02e553399b6b2dd36216b24f5ee1b') in 0.0128535 seconds
Number of updated asset objects reloaded before import = 0Number of asset objects unloaded after import = 3

========================================================================
Received Import Request.
  Time since last request: 0.000015 seconds.
  path: Assets/WoodTile2.png
  artifactKey: Guid(4589f5634a9e31443b82009583be8701) Importer(815301076,1909f56bfc062723c751e8b465ee728b)
Start importing Assets/WoodTile2.png using Guid(4589f5634a9e31443b82009583be8701) Importer(815301076,1909f56bfc062723c751e8b465ee728b) (PreviewImporter) -> (artifact id: 'ff63a15445604e6f2b945485b228247c') in 0.0140106 seconds
Number of updated asset objects reloaded before import = 0Number of asset objects unloaded after import = 3

========================================================================
Received Import Request.
  Time since last request: 0.000016 seconds.
  path: Assets/House_01.fbx
  artifactKey: Guid(d782b462b4cc327449b58f0960ec7744) Importer(815301076,1909f56bfc062723c751e8b465ee728b)
Start importing Assets/House_01.fbx using Guid(d782b462b4cc327449b58f0960ec7744) Importer(815301076,1909f56bfc062723c751e8b465ee728b) (PreviewImporter) -> (artifact id: 'ce0134d366cab057761718d8e151cfaf') in 0.3261863 seconds
Number of updated asset objects reloaded before import = 0Number of asset objects unloaded after import = 331

========================================================================
Received Import Request.
  Time since last request: 0.000021 seconds.
  path: Assets/Casa_Mat.mat
  artifactKey: Guid(70c6735ba21f41043b1ebb1335d7d049) Importer(815301076,1909f56bfc062723c751e8b465ee728b)
Start importing Assets/Casa_Mat.mat using Guid(70c6735ba21f41043b1ebb1335d7d049) Importer(815301076,1909f56bfc062723c751e8b465ee728b) (PreviewImporter) -> (artifact id: '737b6cee968339c93868b5b5e7d09d70') in 0.0273145 seconds
Number of updated asset objects reloaded before import = 0Number of asset objects unloaded after import = 2

========================================================================
Received Import Request.
  Time since last request: 0.000026 seconds.
  path: Assets/Scenes
  artifactKey: Guid(9c53962885c2c4f449125a979d6ad240) Importer(815301076,1909f56bfc062723c751e8b465ee728b)
Start importing Assets/Scenes using Guid(9c53962885c2c4f449125a979d6ad240) Importer(815301076,1909f56bfc062723c751e8b465ee728b) (PreviewImporter) -> (artifact id: 'ae1af5c61b2fd4bcacfc65f55f013a75') in 0.0005106 seconds
Number of updated asset objects reloaded before import = 0Number of asset objects unloaded after import = 0

========================================================================
Received Import Request.
  Time since last request: 0.000021 seconds.
  path: Assets/Bush3.png
  artifactKey: Guid(9d5e528c3af3ca74b913fbdc8ad9d3a3) Importer(815301076,1909f56bfc062723c751e8b465ee728b)
Start importing Assets/Bush3.png using Guid(9d5e528c3af3ca74b913fbdc8ad9d3a3) Importer(815301076,1909f56bfc062723c751e8b465ee728b) (PreviewImporter) -> (artifact id: 'deeea9ad2ae1a653fcaf3990619419ad') in 0.0153963 seconds
Number of updated asset objects reloaded before import = 0Number of asset objects unloaded after import = 3

========================================================================
Received Import Request.
  Time since last request: 0.000017 seconds.
  path: Assets/arbusto.png
  artifactKey: Guid(ab7fd16f5c6431741b5f3ecc7586d08f) Importer(815301076,1909f56bfc062723c751e8b465ee728b)
Start importing Assets/arbusto.png using Guid(ab7fd16f5c6431741b5f3ecc7586d08f) Importer(815301076,1909f56bfc062723c751e8b465ee728b) (PreviewImporter) -> (artifact id: '4057bef39cf0a2da9298504410ddaed2') in 0.0158722 seconds
Number of updated asset objects reloaded before import = 0Number of asset objects unloaded after import = 3

========================================================================
Received Import Request.
  Time since last request: 0.000019 seconds.
  path: Assets/Water 1 Swirly Tiles_2.asset
  artifactKey: Guid(6d77e3ba626911f4191369af3b8e983c) Importer(815301076,1909f56bfc062723c751e8b465ee728b)
Start importing Assets/Water 1 Swirly Tiles_2.asset using Guid(6d77e3ba626911f4191369af3b8e983c) Importer(815301076,1909f56bfc062723c751e8b465ee728b) (PreviewImporter) -> (artifact id: '097ae78758cb601e1f8dcd6a7050ca70') in 0.0279861 seconds
Number of updated asset objects reloaded before import = 0Number of asset objects unloaded after import = 3

========================================================================
Received Import Request.
  Time since last request: 0.000021 seconds.
  path: Assets/HouseTemporaria.fbx
  artifactKey: Guid(f907608790a19a546bc0630feb1d4fe0) Importer(815301076,1909f56bfc062723c751e8b465ee728b)
Start importing Assets/HouseTemporaria.fbx using Guid(f907608790a19a546bc0630feb1d4fe0) Importer(815301076,1909f56bfc062723c751e8b465ee728b) (PreviewImporter) -> (artifact id: 'b9797cb2a60abd08cd999f95966ef9cd') in 0.0258167 seconds
Number of updated asset objects reloaded before import = 0Number of asset objects unloaded after import = 18

========================================================================
Received Import Request.
  Time since last request: 0.000021 seconds.
  path: Assets/RectangleBrush.brush
  artifactKey: Guid(0aeb84068d03e9b4ba8b9d1359d649d5) Importer(815301076,1909f56bfc062723c751e8b465ee728b)
Start importing Assets/RectangleBrush.brush using Guid(0aeb84068d03e9b4ba8b9d1359d649d5) Importer(815301076,1909f56bfc062723c751e8b465ee728b) (PreviewImporter) -> (artifact id: '54f0f43989083c3844b3fc7bfb218001') in 0.0202354 seconds
Number of updated asset objects reloaded before import = 0Number of asset objects unloaded after import = 1

========================================================================
Received Import Request.
  Time since last request: 0.000033 seconds.
  path: Assets/NPC.png
  artifactKey: Guid(444c24c9161b22d4b9d665cd790e490f) Importer(815301076,1909f56bfc062723c751e8b465ee728b)
Start importing Assets/NPC.png using Guid(444c24c9161b22d4b9d665cd790e490f) Importer(815301076,1909f56bfc062723c751e8b465ee728b) (PreviewImporter) -> (artifact id: '3cf20514baaed327312c3bd78a867f21') in 0.0140531 seconds
Number of updated asset objects reloaded before import = 0Number of asset objects unloaded after import = 3

========================================================================
Received Import Request.
  Time since last request: 0.000017 seconds.
  path: Assets/GrassTexture.png
  artifactKey: Guid(04bc76b3ecadb574797ac4659f368abb) Importer(815301076,1909f56bfc062723c751e8b465ee728b)
Start importing Assets/GrassTexture.png using Guid(04bc76b3ecadb574797ac4659f368abb) Importer(815301076,1909f56bfc062723c751e8b465ee728b) (PreviewImporter) -> (artifact id: '4bdcfdc58e701a9740c9fe508517788e') in 0.0129152 seconds
Number of updated asset objects reloaded before import = 0Number of asset objects unloaded after import = 3

========================================================================
Received Import Request.
  Time since last request: 0.000018 seconds.
  path: Assets/EnemySlime.png
  artifactKey: Guid(d933e4f0736660a449cc522cbdd4e654) Importer(815301076,1909f56bfc062723c751e8b465ee728b)
Start importing Assets/EnemySlime.png using Guid(d933e4f0736660a449cc522cbdd4e654) Importer(815301076,1909f56bfc062723c751e8b465ee728b) (PreviewImporter) -> (artifact id: '66b57bf3f8dbac88ea244dd6d65cc70d') in 0.0147857 seconds
Number of updated asset objects reloaded before import = 0Number of asset objects unloaded after import = 3

========================================================================
Received Import Request.
  Time since last request: 0.000022 seconds.
  path: Assets/ManaDrop.png
  artifactKey: Guid(6894293bf8be7f5478082c7a67ea98d6) Importer(815301076,1909f56bfc062723c751e8b465ee728b)
Start importing Assets/ManaDrop.png using Guid(6894293bf8be7f5478082c7a67ea98d6) Importer(815301076,1909f56bfc062723c751e8b465ee728b) (PreviewImporter) -> (artifact id: 'd4e04d1c74d0f01d6117d02afdbc3882') in 0.0169364 seconds
Number of updated asset objects reloaded before import = 0Number of asset objects unloaded after import = 3

========================================================================
Received Import Request.
  Time since last request: 0.000022 seconds.
  path: Assets/ManorWall.png
  artifactKey: Guid(064cb553df6ce2847a8f5b06dbce0d8f) Importer(815301076,1909f56bfc062723c751e8b465ee728b)
Start importing Assets/ManorWall.png using Guid(064cb553df6ce2847a8f5b06dbce0d8f) Importer(815301076,1909f56bfc062723c751e8b465ee728b) (PreviewImporter) -> (artifact id: '2b1f76e99b86118ee542e686d1e79422') in 0.014757 seconds
Number of updated asset objects reloaded before import = 0Number of asset objects unloaded after import = 3

========================================================================
Received Import Request.
  Time since last request: 0.000017 seconds.
  path: Assets/house_details.png
  artifactKey: Guid(ebc97f37aea22394ebf5ca7de298ad27) Importer(815301076,1909f56bfc062723c751e8b465ee728b)
Start importing Assets/house_details.png using Guid(ebc97f37aea22394ebf5ca7de298ad27) Importer(815301076,1909f56bfc062723c751e8b465ee728b) (PreviewImporter) -> (artifact id: '2bf45e69ef7ed4b9ddc77df400db8b40') in 0.0172579 seconds
Number of updated asset objects reloaded before import = 0Number of asset objects unloaded after import = 5

========================================================================
Received Import Request.
  Time since last request: 0.000021 seconds.
  path: Assets/Tree3.png
  artifactKey: Guid(040000a2f7c7ff74f9e58921a8c02429) Importer(815301076,1909f56bfc062723c751e8b465ee728b)
Start importing Assets/Tree3.png using Guid(040000a2f7c7ff74f9e58921a8c02429) Importer(815301076,1909f56bfc062723c751e8b465ee728b) (PreviewImporter) -> (artifact id: 'b79152a0b7ee6d25468ec932f31c0825') in 0.013514 seconds
Number of updated asset objects reloaded before import = 0Number of asset objects unloaded after import = 3

========================================================================
Received Import Request.
  Time since last request: 0.000025 seconds.
  path: Assets/WaterTiel.png
  artifactKey: Guid(202eb9f8ade9cff4b8f5ad05fab05db3) Importer(815301076,1909f56bfc062723c751e8b465ee728b)
Start importing Assets/WaterTiel.png using Guid(202eb9f8ade9cff4b8f5ad05fab05db3) Importer(815301076,1909f56bfc062723c751e8b465ee728b) (PreviewImporter) -> (artifact id: '2baf9d9443a439e21be53033c7788a78') in 0.0140079 seconds
Number of updated asset objects reloaded before import = 0Number of asset objects unloaded after import = 3

========================================================================
Received Import Request.
  Time since last request: 0.000017 seconds.
  path: Assets/New Terrain 4.asset
  artifactKey: Guid(8870421307575c748b4de5542d51aef1) Importer(815301076,1909f56bfc062723c751e8b465ee728b)
Start importing Assets/New Terrain 4.asset using Guid(8870421307575c748b4de5542d51aef1) Importer(815301076,1909f56bfc062723c751e8b465ee728b) (PreviewImporter) -> (artifact id: '7aee65522b479099e803ba481d3d17fc') in 0.0180859 seconds
Number of updated asset objects reloaded before import = 0Number of asset objects unloaded after import = 4

========================================================================
Received Import Request.
  Time since last request: 0.000016 seconds.
  path: Assets/sword.png
  artifactKey: Guid(ed629f11f03dcce4582cfe388618989d) Importer(815301076,1909f56bfc062723c751e8b465ee728b)
Start importing Assets/sword.png using Guid(ed629f11f03dcce4582cfe388618989d) Importer(815301076,1909f56bfc062723c751e8b465ee728b) (PreviewImporter) -> (artifact id: 'd11cf1e15ca4c71e1cdfbc56564a8d1e') in 0.0146548 seconds
Number of updated asset objects reloaded before import = 0Number of asset objects unloaded after import = 3

========================================================================
Received Import Request.
  Time since last request: 0.000016 seconds.
  path: Assets/Bush_3.png
  artifactKey: Guid(01d194b64bdeaa840901ef172e94d870) Importer(815301076,1909f56bfc062723c751e8b465ee728b)
Start importing Assets/Bush_3.png using Guid(01d194b64bdeaa840901ef172e94d870) Importer(815301076,1909f56bfc062723c751e8b465ee728b) (PreviewImporter) -> (artifact id: 'c5235b5e15a54803639afb86294270c6') in 0.0144602 seconds
Number of updated asset objects reloaded before import = 0Number of asset objects unloaded after import = 3

========================================================================
Received Import Request.
  Time since last request: 0.000019 seconds.
  path: Assets/Icon244.png
  artifactKey: Guid(70736cea30baf0c47ad3b2226b8f342a) Importer(815301076,1909f56bfc062723c751e8b465ee728b)
Start importing Assets/Icon244.png using Guid(70736cea30baf0c47ad3b2226b8f342a) Importer(815301076,1909f56bfc062723c751e8b465ee728b) (PreviewImporter) -> (artifact id: '7ff21e2527311e1c876984cb24a7268d') in 0.0130736 seconds
Number of updated asset objects reloaded before import = 0Number of asset objects unloaded after import = 3

========================================================================
Received Import Request.
  Time since last request: 0.000019 seconds.
  path: Assets/TerrainData_26a3bf05-b35a-4713-b545-43ad42107b40.asset
  artifactKey: Guid(06193766e0b095940a37f7df549d0bd1) Importer(815301076,1909f56bfc062723c751e8b465ee728b)
Start importing Assets/TerrainData_26a3bf05-b35a-4713-b545-43ad42107b40.asset using Guid(06193766e0b095940a37f7df549d0bd1) Importer(815301076,1909f56bfc062723c751e8b465ee728b) (PreviewImporter) -> (artifact id: '74eef07b2e5973d68e8c7e30f79d964c') in 0.0163304 seconds
Number of updated asset objects reloaded before import = 0Number of asset objects unloaded after import = 4

========================================================================
Received Import Request.
  Time since last request: 0.000018 seconds.
  path: Assets/Horse_fullcolor_brown_blacksaddled_bigsaddle.png
  artifactKey: Guid(e20c733f39793874781a56b82534f665) Importer(815301076,1909f56bfc062723c751e8b465ee728b)
Start importing Assets/Horse_fullcolor_brown_blacksaddled_bigsaddle.png using Guid(e20c733f39793874781a56b82534f665) Importer(815301076,1909f56bfc062723c751e8b465ee728b) (PreviewImporter) -> (artifact id: '388df015e3b0a3cdbb95e146d3a77140') in 0.0157449 seconds
Number of updated asset objects reloaded before import = 0Number of asset objects unloaded after import = 3

========================================================================
Received Import Request.
  Time since last request: 0.000025 seconds.
  path: Assets/NewBrush 2.brush
  artifactKey: Guid(b18a7449bd81b9c4681f7d641dd6c879) Importer(815301076,1909f56bfc062723c751e8b465ee728b)
Start importing Assets/NewBrush 2.brush using Guid(b18a7449bd81b9c4681f7d641dd6c879) Importer(815301076,1909f56bfc062723c751e8b465ee728b) (PreviewImporter) -> (artifact id: 'e50b22d7a7a8854b138817a4e719f6e5') in 0.0111738 seconds
Number of updated asset objects reloaded before import = 0Number of asset objects unloaded after import = 2

========================================================================
Received Import Request.
  Time since last request: 0.000018 seconds.
  path: Assets/tavern props.png
  artifactKey: Guid(6ef5e5f944c107d4f89cf961fe73a0f2) Importer(815301076,1909f56bfc062723c751e8b465ee728b)
Start importing Assets/tavern props.png using Guid(6ef5e5f944c107d4f89cf961fe73a0f2) Importer(815301076,1909f56bfc062723c751e8b465ee728b) (PreviewImporter) -> (artifact id: '797f466462760ab46078e819d849564a') in 0.0243503 seconds
Number of updated asset objects reloaded before import = 0Number of asset objects unloaded after import = 14

========================================================================
Received Import Request.
  Time since last request: 0.000017 seconds.
  path: Assets/NewBrush.brush
  artifactKey: Guid(8becfa6725764f541be2218677559304) Importer(815301076,1909f56bfc062723c751e8b465ee728b)
Start importing Assets/NewBrush.brush using Guid(8becfa6725764f541be2218677559304) Importer(815301076,1909f56bfc062723c751e8b465ee728b) (PreviewImporter) -> (artifact id: '21a4306a7e43caf2648cff73e2186753') in 0.0123387 seconds
Number of updated asset objects reloaded before import = 0Number of asset objects unloaded after import = 2

========================================================================
Received Import Request.
  Time since last request: 0.000016 seconds.
  path: Assets/Icon308.png
  artifactKey: Guid(601eb67d343d41d4f90ad8a9e020f3a0) Importer(815301076,1909f56bfc062723c751e8b465ee728b)
Start importing Assets/Icon308.png using Guid(601eb67d343d41d4f90ad8a9e020f3a0) Importer(815301076,1909f56bfc062723c751e8b465ee728b) (PreviewImporter) -> (artifact id: '9941dc272040f9ff918d08b406968dbd') in 0.0138846 seconds
Number of updated asset objects reloaded before import = 0Number of asset objects unloaded after import = 3

========================================================================
Received Import Request.
  Time since last request: 0.000020 seconds.
  path: Assets/Icon198.png
  artifactKey: Guid(5a91aff3b64fbf840bcc79fc7e9b8afd) Importer(815301076,1909f56bfc062723c751e8b465ee728b)
Start importing Assets/Icon198.png using Guid(5a91aff3b64fbf840bcc79fc7e9b8afd) Importer(815301076,1909f56bfc062723c751e8b465ee728b) (PreviewImporter) -> (artifact id: 'a9b8137d08d55fbd6bc3503d6175db59') in 0.0127706 seconds
Number of updated asset objects reloaded before import = 0Number of asset objects unloaded after import = 3

========================================================================
Received Import Request.
  Time since last request: 0.000015 seconds.
  path: Assets/Horse_fullcolor_black_blacksaddled_bigsaddle.png
  artifactKey: Guid(5f86c56078851b6408bfb97d8273ddaf) Importer(815301076,1909f56bfc062723c751e8b465ee728b)
Start importing Assets/Horse_fullcolor_black_blacksaddled_bigsaddle.png using Guid(5f86c56078851b6408bfb97d8273ddaf) Importer(815301076,1909f56bfc062723c751e8b465ee728b) (PreviewImporter) -> (artifact id: 'd6cfd0421b2540698f827677ea2b267f') in 0.0143103 seconds
Number of updated asset objects reloaded before import = 0Number of asset objects unloaded after import = 3

========================================================================
Received Import Request.
  Time since last request: 0.000018 seconds.
  path: Assets/Tree2 1.png
  artifactKey: Guid(623514727b1984c448221925f0a1c898) Importer(815301076,1909f56bfc062723c751e8b465ee728b)
Start importing Assets/Tree2 1.png using Guid(623514727b1984c448221925f0a1c898) Importer(815301076,1909f56bfc062723c751e8b465ee728b) (PreviewImporter) -> (artifact id: '7fd9f0d8aab4968a3641f3feee10dd34') in 0.0060269 seconds
Number of updated asset objects reloaded before import = 0Number of asset objects unloaded after import = 3

========================================================================
Received Import Request.
  Time since last request: 0.000025 seconds.
  path: Assets/ManorCarpet.png
  artifactKey: Guid(9da15b06c0dfc4d4aa0f6e47192b17cd) Importer(815301076,1909f56bfc062723c751e8b465ee728b)
Start importing Assets/ManorCarpet.png using Guid(9da15b06c0dfc4d4aa0f6e47192b17cd) Importer(815301076,1909f56bfc062723c751e8b465ee728b) (PreviewImporter) -> (artifact id: '93ca4d64a1a9e8951832dce0f8898f55') in 0.012575 seconds
Number of updated asset objects reloaded before import = 0Number of asset objects unloaded after import = 3

========================================================================
Received Import Request.
  Time since last request: 0.000023 seconds.
  path: Assets/decorative.png
  artifactKey: Guid(0555b8cb7d1d842488eb3cad9ad27aab) Importer(815301076,1909f56bfc062723c751e8b465ee728b)
Start importing Assets/decorative.png using Guid(0555b8cb7d1d842488eb3cad9ad27aab) Importer(815301076,1909f56bfc062723c751e8b465ee728b) (PreviewImporter) -> (artifact id: 'e5cbeb64f306b9c4f7855f19d8a44c80') in 0.0191848 seconds
Number of updated asset objects reloaded before import = 0Number of asset objects unloaded after import = 5

========================================================================
Received Import Request.
  Time since last request: 0.000020 seconds.
  path: Assets/Bush_1.png
  artifactKey: Guid(702f0e8e0f867da458215a929072779c) Importer(815301076,1909f56bfc062723c751e8b465ee728b)
Start importing Assets/Bush_1.png using Guid(702f0e8e0f867da458215a929072779c) Importer(815301076,1909f56bfc062723c751e8b465ee728b) (PreviewImporter) -> (artifact id: 'e09fd89b5b5fccf58dbf91f7cdcd2d0c') in 0.0135543 seconds
Number of updated asset objects reloaded before import = 0Number of asset objects unloaded after import = 3

========================================================================
Received Import Request.
  Time since last request: 1.065546 seconds.
  path: Assets/Scenes/TestArea.unity
  artifactKey: Guid(7f566c6df12a5a64982d2f9563064087) Importer(815301076,1909f56bfc062723c751e8b465ee728b)
Start importing Assets/Scenes/TestArea.unity using Guid(7f566c6df12a5a64982d2f9563064087) Importer(815301076,1909f56bfc062723c751e8b465ee728b) (PreviewImporter) -> (artifact id: '767540d0882b9a507b5c19e52775ac58') in 0.0006483 seconds
Number of updated asset objects reloaded before import = 0Number of asset objects unloaded after import = 0

========================================================================
Received Prepare
Begin MonoManager ReloadAssembly
- Loaded All Assemblies, in  0.519 seconds
Refreshing native plugins compatible for Editor in 0.85 ms, found 3 plugins.
Native extension for WindowsStandalone target not found
Mono: successfully reloaded assembly
- Finished resetting the current domain, in  0.573 seconds
Domain Reload Profiling: 1091ms
	BeginReloadAssembly (154ms)
		ExecutionOrderSort (0ms)
		DisableScriptedObjects (13ms)
		BackupInstance (0ms)
		ReleaseScriptingObjects (0ms)
		CreateAndSetChildDomain (46ms)
	RebuildCommonClasses (23ms)
	RebuildNativeTypeToScriptingClass (9ms)
	initialDomainReloadingComplete (19ms)
	LoadAllAssembliesAndSetupDomain (311ms)
		LoadAssemblies (230ms)
		RebuildTransferFunctionScriptingTraits (0ms)
		AnalyzeDomain (143ms)
			TypeCache.Refresh (4ms)
				TypeCache.ScanAssembly (0ms)
			BuildScriptInfoCaches (129ms)
			ResolveRequiredComponents (8ms)
	FinalizeReload (573ms)
		ReleaseScriptCaches (0ms)
		RebuildScriptCaches (0ms)
		SetupLoadedEditorAssemblies (369ms)
			LogAssemblyErrors (0ms)
			InitializePlatformSupportModulesInManaged (2ms)
			SetLoadedEditorAssemblies (4ms)
			BeforeProcessingInitializeOnLoad (52ms)
			ProcessInitializeOnLoadAttributes (269ms)
			ProcessInitializeOnLoadMethodAttributes (37ms)
			AfterProcessingInitializeOnLoad (5ms)
			EditorAssembliesLoaded (0ms)
		ExecutionOrderSort2 (0ms)
		AwakeInstancesAfterBackupRestoration (9ms)
Refreshing native plugins compatible for Editor in 1.02 ms, found 3 plugins.
Preloading 0 native plugins for Editor in 0.00 ms.
Unloading 23 Unused Serialized files (Serialized files now loaded: 0)
Unloading 6445 unused Assets / (3.4 MB). Loaded Objects now: 7392.
Memory consumption went from 178.1 MB to 174.7 MB.
Total: 7.068600 ms (FindLiveObjects: 0.577100 ms CreateObjectMapping: 0.489600 ms MarkObjects: 4.642900 ms  DeleteObjects: 1.358400 ms)

Prepare: number of updated asset objects reloaded= 0
========================================================================
Received Import Request.
  Time since last request: 76.079338 seconds.
  path: Assets/TextMesh Pro/Examples & Extras/Textures/Fruit Jelly (B&W).jpg
  artifactKey: Guid(1cdc5b506b1a4a33a53c30669ced1f51) Importer(815301076,1909f56bfc062723c751e8b465ee728b)
Start importing Assets/TextMesh Pro/Examples & Extras/Textures/Fruit Jelly (B&W).jpg using Guid(1cdc5b506b1a4a33a53c30669ced1f51) Importer(815301076,1909f56bfc062723c751e8b465ee728b) (PreviewImporter) -> (artifact id: '8f22df1acd343ae6d008cc8137e0c983') in 0.0460965 seconds
Number of updated asset objects reloaded before import = 0Number of asset objects unloaded after import = 2

========================================================================
Received Import Request.
  Time since last request: 1.210069 seconds.
  path: Assets/FirstScene/NewLayer.terrainlayer
  artifactKey: Guid(1da53083c11be9242bc404d13ccaa1e9) Importer(815301076,1909f56bfc062723c751e8b465ee728b)
Start importing Assets/FirstScene/NewLayer.terrainlayer using Guid(1da53083c11be9242bc404d13ccaa1e9) Importer(815301076,1909f56bfc062723c751e8b465ee728b) (PreviewImporter) -> (artifact id: '6be6fda1f13d76808067e565dd87103b') in 0.0160549 seconds
Number of updated asset objects reloaded before import = 0Number of asset objects unloaded after import = 2

